{"D:\\Main Workspace\\art-museum\\src\\App.tsx": {"path":"D:\\Main Workspace\\art-museum\\src\\App.tsx","statementMap":{"0":{"start":{"line":1,"column":0},"end":{"line":1,"column":55}},"1":{"start":{"line":2,"column":0},"end":{"line":2,"column":43}},"2":{"start":{"line":3,"column":0},"end":{"line":3,"column":75}},"3":{"start":{"line":6,"column":4},"end":{"line":12,"column":6}},"4":{"start":{"line":15,"column":0},"end":{"line":15,"column":null}}},"fnMap":{"0":{"name":"App","decl":{"start":{"line":5,"column":9},"end":{"line":5,"column":12}},"loc":{"start":{"line":5,"column":12},"end":{"line":13,"column":1}}}},"branchMap":{},"s":{"0":0,"1":0,"2":0,"3":0,"4":0},"f":{"0":0},"b":{}}
,"D:\\Main Workspace\\art-museum\\src\\main.tsx": {"path":"D:\\Main Workspace\\art-museum\\src\\main.tsx","statementMap":{"0":{"start":{"line":1,"column":0},"end":{"line":1,"column":25}},"1":{"start":{"line":2,"column":0},"end":{"line":2,"column":39}},"2":{"start":{"line":3,"column":0},"end":{"line":3,"column":27}},"3":{"start":{"line":4,"column":0},"end":{"line":4,"column":20}},"4":{"start":{"line":6,"column":0},"end":{"line":10,"column":null}}},"fnMap":{},"branchMap":{},"s":{"0":0,"1":0,"2":0,"3":0,"4":0},"f":{},"b":{}}
,"D:\\Main Workspace\\art-museum\\src\\components\\artwork-card\\styled.ts": {"path":"D:\\Main Workspace\\art-museum\\src\\components\\artwork-card\\styled.ts","statementMap":{"0":{"start":{"line":1,"column":0},"end":{"line":1,"column":39}},"1":{"start":{"line":2,"column":0},"end":{"line":2,"column":53}},"2":{"start":{"line":4,"column":15},"end":{"line":11,"column":null}},"3":{"start":{"line":13,"column":13},"end":{"line":23,"column":null}},"4":{"start":{"line":26,"column":13},"end":{"line":58,"column":null}},"5":{"start":{"line":61,"column":13},"end":{"line":96,"column":null}},"6":{"start":{"line":98,"column":13},"end":{"line":108,"column":null}},"7":{"start":{"line":110,"column":13},"end":{"line":113,"column":null}},"8":{"start":{"line":115,"column":13},"end":{"line":122,"column":null}},"9":{"start":{"line":124,"column":13},"end":{"line":146,"column":null}},"10":{"start":{"line":148,"column":13},"end":{"line":159,"column":null}},"11":{"start":{"line":161,"column":13},"end":{"line":184,"column":null}},"12":{"start":{"line":186,"column":13},"end":{"line":189,"column":null}},"13":{"start":{"line":191,"column":13},"end":{"line":195,"column":null}}},"fnMap":{},"branchMap":{},"s":{"0":0,"1":0,"2":0,"3":0,"4":0,"5":0,"6":0,"7":0,"8":0,"9":0,"10":0,"11":0,"12":0,"13":0},"f":{},"b":{}}
,"D:\\Main Workspace\\art-museum\\src\\components\\artwork-content\\styled.ts": {"path":"D:\\Main Workspace\\art-museum\\src\\components\\artwork-content\\styled.ts","statementMap":{"0":{"start":{"line":1,"column":0},"end":{"line":1,"column":39}},"1":{"start":{"line":3,"column":13},"end":{"line":18,"column":null}},"2":{"start":{"line":20,"column":13},"end":{"line":26,"column":null}},"3":{"start":{"line":28,"column":13},"end":{"line":32,"column":null}},"4":{"start":{"line":34,"column":13},"end":{"line":45,"column":null}},"5":{"start":{"line":47,"column":13},"end":{"line":64,"column":null}},"6":{"start":{"line":66,"column":13},"end":{"line":74,"column":null}},"7":{"start":{"line":76,"column":13},"end":{"line":91,"column":null}},"8":{"start":{"line":93,"column":13},"end":{"line":97,"column":null}},"9":{"start":{"line":99,"column":13},"end":{"line":105,"column":null}},"10":{"start":{"line":107,"column":13},"end":{"line":113,"column":null}},"11":{"start":{"line":115,"column":13},"end":{"line":122,"column":null}},"12":{"start":{"line":124,"column":13},"end":{"line":130,"column":null}},"13":{"start":{"line":132,"column":13},"end":{"line":134,"column":null}}},"fnMap":{},"branchMap":{},"s":{"0":1,"1":1,"2":1,"3":1,"4":1,"5":1,"6":1,"7":1,"8":1,"9":1,"10":1,"11":1,"12":1,"13":1},"f":{},"b":{}}
,"D:\\Main Workspace\\art-museum\\src\\components\\error-boundary\\styled.ts": {"path":"D:\\Main Workspace\\art-museum\\src\\components\\error-boundary\\styled.ts","statementMap":{"0":{"start":{"line":1,"column":0},"end":{"line":1,"column":39}},"1":{"start":{"line":3,"column":13},"end":{"line":11,"column":null}},"2":{"start":{"line":13,"column":13},"end":{"line":16,"column":null}},"3":{"start":{"line":18,"column":13},"end":{"line":25,"column":null}}},"fnMap":{},"branchMap":{},"s":{"0":1,"1":1,"2":1,"3":1},"f":{},"b":{}}
,"D:\\Main Workspace\\art-museum\\src\\components\\favorites-content\\styled.ts": {"path":"D:\\Main Workspace\\art-museum\\src\\components\\favorites-content\\styled.ts","statementMap":{"0":{"start":{"line":1,"column":0},"end":{"line":1,"column":38}},"1":{"start":{"line":3,"column":13},"end":{"line":8,"column":null}},"2":{"start":{"line":10,"column":13},"end":{"line":22,"column":null}},"3":{"start":{"line":24,"column":13},"end":{"line":26,"column":null}},"4":{"start":{"line":28,"column":13},"end":{"line":36,"column":null}},"5":{"start":{"line":38,"column":13},"end":{"line":41,"column":null}},"6":{"start":{"line":42,"column":13},"end":{"line":50,"column":null}}},"fnMap":{},"branchMap":{},"s":{"0":0,"1":0,"2":0,"3":0,"4":0,"5":0,"6":0},"f":{},"b":{}}
,"D:\\Main Workspace\\art-museum\\src\\components\\footer\\styled.ts": {"path":"D:\\Main Workspace\\art-museum\\src\\components\\footer\\styled.ts","statementMap":{"0":{"start":{"line":1,"column":0},"end":{"line":1,"column":39}},"1":{"start":{"line":3,"column":13},"end":{"line":23,"column":null}},"2":{"start":{"line":25,"column":13},"end":{"line":28,"column":null}},"3":{"start":{"line":30,"column":13},"end":{"line":33,"column":null}}},"fnMap":{},"branchMap":{},"s":{"0":0,"1":0,"2":0,"3":0},"f":{},"b":{}}
,"D:\\Main Workspace\\art-museum\\src\\components\\gallery-slider\\styled.ts": {"path":"D:\\Main Workspace\\art-museum\\src\\components\\gallery-slider\\styled.ts","statementMap":{"0":{"start":{"line":1,"column":0},"end":{"line":1,"column":39}},"1":{"start":{"line":3,"column":13},"end":{"line":7,"column":null}},"2":{"start":{"line":9,"column":13},"end":{"line":19,"column":null}},"3":{"start":{"line":21,"column":13},"end":{"line":28,"column":null}}},"fnMap":{},"branchMap":{},"s":{"0":0,"1":0,"2":0,"3":0},"f":{},"b":{}}
,"D:\\Main Workspace\\art-museum\\src\\components\\header\\styled.tsx": {"path":"D:\\Main Workspace\\art-museum\\src\\components\\header\\styled.tsx","statementMap":{"0":{"start":{"line":1,"column":0},"end":{"line":1,"column":59}},"1":{"start":{"line":3,"column":13},"end":{"line":7,"column":null}},"2":{"start":{"line":9,"column":13},"end":{"line":27,"column":null}},"3":{"start":{"line":29,"column":13},"end":{"line":32,"column":null}},"4":{"start":{"line":34,"column":26},"end":{"line":41,"column":null}},"5":{"start":{"line":43,"column":13},"end":{"line":82,"column":null}},"6":{"start":{"line":53,"column":8},"end":{"line":53,"column":38}},"7":{"start":{"line":61,"column":30},"end":{"line":66,"column":null}},"8":{"start":{"line":84,"column":13},"end":{"line":93,"column":null}},"9":{"start":{"line":95,"column":13},"end":{"line":100,"column":null}},"10":{"start":{"line":101,"column":13},"end":{"line":106,"column":null}},"11":{"start":{"line":108,"column":13},"end":{"line":111,"column":null}},"12":{"start":{"line":113,"column":24},"end":{"line":120,"column":null}},"13":{"start":{"line":122,"column":13},"end":{"line":155,"column":null}},"14":{"start":{"line":124,"column":8},"end":{"line":124,"column":46}},"15":{"start":{"line":140,"column":22},"end":{"line":145,"column":null}},"16":{"start":{"line":157,"column":13},"end":{"line":161,"column":null}}},"fnMap":{"0":{"name":"(anonymous_0)","decl":{"start":{"line":44,"column":4},"end":{"line":44,"column":5}},"loc":{"start":{"line":53,"column":8},"end":{"line":53,"column":38}}},"1":{"name":"(anonymous_1)","decl":{"start":{"line":61,"column":6},"end":{"line":61,"column":7}},"loc":{"start":{"line":61,"column":30},"end":{"line":66,"column":null}}},"2":{"name":"(anonymous_2)","decl":{"start":{"line":123,"column":4},"end":{"line":123,"column":5}},"loc":{"start":{"line":124,"column":8},"end":{"line":124,"column":46}}},"3":{"name":"(anonymous_3)","decl":{"start":{"line":140,"column":6},"end":{"line":140,"column":7}},"loc":{"start":{"line":140,"column":22},"end":{"line":145,"column":null}}}},"branchMap":{"0":{"loc":{"start":{"line":61,"column":30},"end":{"line":66,"column":null}},"type":"cond-expr","locations":[{"start":{"line":62,"column":10},"end":{"line":65,"column":null}},{"start":{"line":66,"column":10},"end":{"line":66,"column":null}}]},"1":{"loc":{"start":{"line":140,"column":22},"end":{"line":145,"column":null}},"type":"cond-expr","locations":[{"start":{"line":141,"column":10},"end":{"line":144,"column":null}},{"start":{"line":145,"column":10},"end":{"line":145,"column":null}}]}},"s":{"0":1,"1":1,"2":1,"3":1,"4":1,"5":1,"6":6,"7":6,"8":1,"9":1,"10":1,"11":1,"12":1,"13":1,"14":6,"15":6,"16":1},"f":{"0":6,"1":6,"2":6,"3":6},"b":{"0":[1,5],"1":[1,5]}}
,"D:\\Main Workspace\\art-museum\\src\\components\\loader\\styled.ts": {"path":"D:\\Main Workspace\\art-museum\\src\\components\\loader\\styled.ts","statementMap":{"0":{"start":{"line":1,"column":0},"end":{"line":1,"column":39}},"1":{"start":{"line":3,"column":13},"end":{"line":9,"column":null}}},"fnMap":{},"branchMap":{},"s":{"0":1,"1":1},"f":{},"b":{}}
,"D:\\Main Workspace\\art-museum\\src\\components\\main-content\\styled.ts": {"path":"D:\\Main Workspace\\art-museum\\src\\components\\main-content\\styled.ts","statementMap":{"0":{"start":{"line":1,"column":0},"end":{"line":1,"column":39}},"1":{"start":{"line":3,"column":13},"end":{"line":8,"column":null}},"2":{"start":{"line":10,"column":13},"end":{"line":22,"column":null}},"3":{"start":{"line":24,"column":13},"end":{"line":26,"column":null}}},"fnMap":{},"branchMap":{},"s":{"0":0,"1":0,"2":0,"3":0},"f":{},"b":{}}
,"D:\\Main Workspace\\art-museum\\src\\components\\pagination\\styled.ts": {"path":"D:\\Main Workspace\\art-museum\\src\\components\\pagination\\styled.ts","statementMap":{"0":{"start":{"line":1,"column":0},"end":{"line":1,"column":38}},"1":{"start":{"line":3,"column":13},"end":{"line":12,"column":null}},"2":{"start":{"line":14,"column":13},"end":{"line":17,"column":null}},"3":{"start":{"line":19,"column":13},"end":{"line":23,"column":null}},"4":{"start":{"line":25,"column":13},"end":{"line":28,"column":null}},"5":{"start":{"line":30,"column":13},"end":{"line":44,"column":null}},"6":{"start":{"line":46,"column":13},"end":{"line":61,"column":null}},"7":{"start":{"line":63,"column":13},"end":{"line":70,"column":null}}},"fnMap":{},"branchMap":{},"s":{"0":1,"1":1,"2":1,"3":1,"4":1,"5":1,"6":1,"7":1},"f":{},"b":{}}
,"D:\\Main Workspace\\art-museum\\src\\components\\reduced-artworks-list\\styled.ts": {"path":"D:\\Main Workspace\\art-museum\\src\\components\\reduced-artworks-list\\styled.ts","statementMap":{"0":{"start":{"line":1,"column":0},"end":{"line":1,"column":39}},"1":{"start":{"line":3,"column":13},"end":{"line":15,"column":null}}},"fnMap":{},"branchMap":{},"s":{"0":0,"1":0},"f":{},"b":{}}
,"D:\\Main Workspace\\art-museum\\src\\components\\save-button\\styled.tsx": {"path":"D:\\Main Workspace\\art-museum\\src\\components\\save-button\\styled.tsx","statementMap":{"0":{"start":{"line":1,"column":0},"end":{"line":1,"column":47}},"1":{"start":{"line":3,"column":13},"end":{"line":31,"column":null}},"2":{"start":{"line":10,"column":10},"end":{"line":10,"column":31}},"3":{"start":{"line":21,"column":26},"end":{"line":21,"column":56}},"4":{"start":{"line":33,"column":13},"end":{"line":41,"column":null}}},"fnMap":{"0":{"name":"(anonymous_0)","decl":{"start":{"line":3,"column":40},"end":{"line":3,"column":null}},"loc":{"start":{"line":10,"column":10},"end":{"line":10,"column":31}}},"1":{"name":"(anonymous_1)","decl":{"start":{"line":21,"column":6},"end":{"line":21,"column":7}},"loc":{"start":{"line":21,"column":26},"end":{"line":21,"column":56}}}},"branchMap":{},"s":{"0":1,"1":1,"2":0,"3":0,"4":1},"f":{"0":0,"1":0},"b":{}}
,"D:\\Main Workspace\\art-museum\\src\\components\\search-form\\styled.ts": {"path":"D:\\Main Workspace\\art-museum\\src\\components\\search-form\\styled.ts","statementMap":{"0":{"start":{"line":1,"column":0},"end":{"line":1,"column":39}},"1":{"start":{"line":3,"column":13},"end":{"line":7,"column":null}}},"fnMap":{},"branchMap":{},"s":{"0":0,"1":0},"f":{},"b":{}}
,"D:\\Main Workspace\\art-museum\\src\\components\\search-input\\styled.ts": {"path":"D:\\Main Workspace\\art-museum\\src\\components\\search-input\\styled.ts","statementMap":{"0":{"start":{"line":1,"column":0},"end":{"line":1,"column":38}},"1":{"start":{"line":3,"column":13},"end":{"line":16,"column":null}},"2":{"start":{"line":18,"column":13},"end":{"line":30,"column":null}},"3":{"start":{"line":32,"column":13},"end":{"line":35,"column":null}},"4":{"start":{"line":37,"column":13},"end":{"line":45,"column":null}},"5":{"start":{"line":47,"column":13},"end":{"line":49,"column":null}},"6":{"start":{"line":51,"column":13},"end":{"line":58,"column":null}}},"fnMap":{},"branchMap":{},"s":{"0":1,"1":1,"2":1,"3":1,"4":1,"5":1,"6":1},"f":{},"b":{}}
,"D:\\Main Workspace\\art-museum\\src\\components\\search-select\\styled.ts": {"path":"D:\\Main Workspace\\art-museum\\src\\components\\search-select\\styled.ts","statementMap":{"0":{"start":{"line":1,"column":0},"end":{"line":1,"column":39}},"1":{"start":{"line":3,"column":13},"end":{"line":20,"column":null}},"2":{"start":{"line":22,"column":13},"end":{"line":28,"column":null}},"3":{"start":{"line":30,"column":13},"end":{"line":37,"column":null}}},"fnMap":{},"branchMap":{},"s":{"0":1,"1":1,"2":1,"3":1},"f":{},"b":{}}
,"D:\\Main Workspace\\art-museum\\src\\components\\section-header\\styled.ts": {"path":"D:\\Main Workspace\\art-museum\\src\\components\\section-header\\styled.ts","statementMap":{"0":{"start":{"line":1,"column":0},"end":{"line":1,"column":38}},"1":{"start":{"line":3,"column":13},"end":{"line":7,"column":null}},"2":{"start":{"line":9,"column":13},"end":{"line":16,"column":null}},"3":{"start":{"line":18,"column":13},"end":{"line":24,"column":null}}},"fnMap":{},"branchMap":{},"s":{"0":0,"1":0,"2":0,"3":0},"f":{},"b":{}}
,"D:\\Main Workspace\\art-museum\\src\\constants\\api\\index.ts": {"path":"D:\\Main Workspace\\art-museum\\src\\constants\\api\\index.ts","statementMap":{"0":{"start":{"line":1,"column":13},"end":{"line":1,"column":null}},"1":{"start":{"line":3,"column":13},"end":{"line":3,"column":null}},"2":{"start":{"line":4,"column":13},"end":{"line":4,"column":null}},"3":{"start":{"line":5,"column":13},"end":{"line":5,"column":null}},"4":{"start":{"line":7,"column":13},"end":{"line":7,"column":null}},"5":{"start":{"line":8,"column":13},"end":{"line":8,"column":null}},"6":{"start":{"line":10,"column":13},"end":{"line":13,"column":null}}},"fnMap":{},"branchMap":{},"s":{"0":1,"1":1,"2":1,"3":1,"4":1,"5":1,"6":1},"f":{},"b":{}}
,"D:\\Main Workspace\\art-museum\\src\\constants\\storage\\index.ts": {"path":"D:\\Main Workspace\\art-museum\\src\\constants\\storage\\index.ts","statementMap":{"0":{"start":{"line":1,"column":13},"end":{"line":1,"column":30}}},"fnMap":{},"branchMap":{},"s":{"0":1},"f":{},"b":{}}
,"D:\\Main Workspace\\art-museum\\src\\utils\\api\\index.ts": {"path":"D:\\Main Workspace\\art-museum\\src\\utils\\api\\index.ts","statementMap":{"0":{"start":{"line":3,"column":0},"end":{"line":3,"column":7}},"1":{"start":{"line":10,"column":0},"end":{"line":10,"column":7}},"2":{"start":{"line":17,"column":0},"end":{"line":17,"column":7}},"3":{"start":{"line":1,"column":0},"end":{"line":1,"column":120}},"4":{"start":{"line":4,"column":21},"end":{"line":4,"column":98}},"5":{"start":{"line":5,"column":24},"end":{"line":5,"column":65}},"6":{"start":{"line":7,"column":4},"end":{"line":7,"column":23}},"7":{"start":{"line":11,"column":21},"end":{"line":11,"column":81}},"8":{"start":{"line":12,"column":23},"end":{"line":12,"column":44}},"9":{"start":{"line":14,"column":4},"end":{"line":14,"column":27}},"10":{"start":{"line":18,"column":21},"end":{"line":18,"column":167}},"11":{"start":{"line":19,"column":24},"end":{"line":19,"column":65}},"12":{"start":{"line":21,"column":4},"end":{"line":21,"column":29}},"13":{"start":{"line":22,"column":4},"end":{"line":22,"column":23}}},"fnMap":{"0":{"name":"getArtworks","decl":{"start":{"line":3,"column":22},"end":{"line":3,"column":33}},"loc":{"start":{"line":3,"column":57},"end":{"line":8,"column":1}}},"1":{"name":"getArtwork","decl":{"start":{"line":10,"column":22},"end":{"line":10,"column":32}},"loc":{"start":{"line":10,"column":43},"end":{"line":15,"column":1}}},"2":{"name":"searchArtworks","decl":{"start":{"line":17,"column":22},"end":{"line":17,"column":36}},"loc":{"start":{"line":17,"column":90},"end":{"line":23,"column":1}}}},"branchMap":{"0":{"loc":{"start":{"line":3,"column":48},"end":{"line":3,"column":57}},"type":"default-arg","locations":[{"start":{"line":3,"column":56},"end":{"line":3,"column":57}}]},"1":{"loc":{"start":{"line":17,"column":51},"end":{"line":17,"column":60}},"type":"default-arg","locations":[{"start":{"line":17,"column":59},"end":{"line":17,"column":60}}]},"2":{"loc":{"start":{"line":17,"column":62},"end":{"line":17,"column":72}},"type":"default-arg","locations":[{"start":{"line":17,"column":70},"end":{"line":17,"column":72}}]},"3":{"loc":{"start":{"line":18,"column":116},"end":{"line":18,"column":164}},"type":"cond-expr","locations":[{"start":{"line":18,"column":126},"end":{"line":18,"column":159}},{"start":{"line":18,"column":162},"end":{"line":18,"column":164}}]}},"s":{"0":1,"1":1,"2":1,"3":1,"4":0,"5":0,"6":0,"7":0,"8":0,"9":0,"10":0,"11":0,"12":0,"13":0},"f":{"0":0,"1":0,"2":0},"b":{"0":[0],"1":[0],"2":[0],"3":[0,0]}}
,"D:\\Main Workspace\\art-museum\\src\\utils\\form\\index.ts": {"path":"D:\\Main Workspace\\art-museum\\src\\utils\\form\\index.ts","statementMap":{"0":{"start":{"line":1,"column":0},"end":{"line":1,"column":37}},"1":{"start":{"line":3,"column":13},"end":{"line":6,"column":null}}},"fnMap":{},"branchMap":{},"s":{"0":1,"1":1},"f":{},"b":{}}
,"D:\\Main Workspace\\art-museum\\src\\utils\\lib\\artist-info.ts": {"path":"D:\\Main Workspace\\art-museum\\src\\utils\\lib\\artist-info.ts","statementMap":{"0":{"start":{"line":1,"column":30},"end":{"line":1,"column":84}},"1":{"start":{"line":1,"column":51},"end":{"line":1,"column":84}},"2":{"start":{"line":1,"column":13},"end":{"line":1,"column":30}},"3":{"start":{"line":3,"column":36},"end":{"line":3,"column":105}},"4":{"start":{"line":3,"column":57},"end":{"line":3,"column":105}},"5":{"start":{"line":3,"column":13},"end":{"line":3,"column":36}}},"fnMap":{"0":{"name":"(anonymous_0)","decl":{"start":{"line":1,"column":30},"end":{"line":1,"column":31}},"loc":{"start":{"line":1,"column":51},"end":{"line":1,"column":84}}},"1":{"name":"(anonymous_1)","decl":{"start":{"line":3,"column":36},"end":{"line":3,"column":37}},"loc":{"start":{"line":3,"column":57},"end":{"line":3,"column":105}}}},"branchMap":{},"s":{"0":3,"1":3,"2":3,"3":3,"4":3,"5":3},"f":{"0":3,"1":3},"b":{}}
,"D:\\Main Workspace\\art-museum\\src\\utils\\lib\\debounce.ts": {"path":"D:\\Main Workspace\\art-museum\\src\\utils\\lib\\debounce.ts","statementMap":{"0":{"start":{"line":3,"column":0},"end":{"line":3,"column":16}},"1":{"start":{"line":4,"column":4},"end":{"line":4,"column":26}},"2":{"start":{"line":5,"column":4},"end":{"line":5,"column":35}}},"fnMap":{"0":{"name":"debounce","decl":{"start":{"line":3,"column":16},"end":{"line":3,"column":24}},"loc":{"start":{"line":3,"column":49},"end":{"line":6,"column":1}}}},"branchMap":{"0":{"loc":{"start":{"line":3,"column":39},"end":{"line":3,"column":49}},"type":"default-arg","locations":[{"start":{"line":3,"column":46},"end":{"line":3,"column":49}}]}},"s":{"0":3,"1":1,"2":1},"f":{"0":1},"b":{"0":[0]}}
,"D:\\Main Workspace\\art-museum\\src\\utils\\lib\\image-path.ts": {"path":"D:\\Main Workspace\\art-museum\\src\\utils\\lib\\image-path.ts","statementMap":{"0":{"start":{"line":1,"column":25},"end":{"line":1,"column":101}},"1":{"start":{"line":1,"column":41},"end":{"line":1,"column":101}},"2":{"start":{"line":1,"column":13},"end":{"line":1,"column":25}}},"fnMap":{"0":{"name":"(anonymous_0)","decl":{"start":{"line":1,"column":25},"end":{"line":1,"column":26}},"loc":{"start":{"line":1,"column":41},"end":{"line":1,"column":101}}}},"branchMap":{},"s":{"0":3,"1":3,"2":3},"f":{"0":3},"b":{}}
,"D:\\Main Workspace\\art-museum\\src\\utils\\lib\\index.ts": {"path":"D:\\Main Workspace\\art-museum\\src\\utils\\lib\\index.ts","statementMap":{"0":{"start":{"line":1,"column":0},"end":{"line":1,"column":8}},"1":{"start":{"line":1,"column":8},"end":{"line":1,"column":38}},"2":{"start":{"line":2,"column":0},"end":{"line":2,"column":8}},"3":{"start":{"line":2,"column":8},"end":{"line":2,"column":24}},"4":{"start":{"line":2,"column":24},"end":{"line":2,"column":66}},"5":{"start":{"line":3,"column":0},"end":{"line":3,"column":8}},"6":{"start":{"line":3,"column":8},"end":{"line":3,"column":35}}},"fnMap":{"0":{"name":"(anonymous_0)","decl":{"start":{"line":1,"column":8},"end":{"line":1,"column":17}},"loc":{"start":{"line":1,"column":8},"end":{"line":1,"column":38}}},"1":{"name":"(anonymous_1)","decl":{"start":{"line":2,"column":8},"end":{"line":2,"column":22}},"loc":{"start":{"line":2,"column":8},"end":{"line":2,"column":24}}},"2":{"name":"(anonymous_2)","decl":{"start":{"line":2,"column":24},"end":{"line":2,"column":44}},"loc":{"start":{"line":2,"column":24},"end":{"line":2,"column":66}}},"3":{"name":"(anonymous_3)","decl":{"start":{"line":3,"column":8},"end":{"line":3,"column":16}},"loc":{"start":{"line":3,"column":8},"end":{"line":3,"column":35}}}},"branchMap":{},"s":{"0":3,"1":7,"2":3,"3":7,"4":7,"5":3,"6":5},"f":{"0":4,"1":4,"2":4,"3":2},"b":{}}
,"D:\\Main Workspace\\art-museum\\src\\utils\\react\\hooks\\index.ts": {"path":"D:\\Main Workspace\\art-museum\\src\\utils\\react\\hooks\\index.ts","statementMap":{"0":{"start":{"line":1,"column":0},"end":{"line":1,"column":8}},"1":{"start":{"line":1,"column":8},"end":{"line":1,"column":57}},"2":{"start":{"line":2,"column":0},"end":{"line":2,"column":8}},"3":{"start":{"line":2,"column":8},"end":{"line":2,"column":49}}},"fnMap":{"0":{"name":"(anonymous_0)","decl":{"start":{"line":1,"column":8},"end":{"line":1,"column":26}},"loc":{"start":{"line":1,"column":8},"end":{"line":1,"column":57}}},"1":{"name":"(anonymous_1)","decl":{"start":{"line":2,"column":8},"end":{"line":2,"column":22}},"loc":{"start":{"line":2,"column":8},"end":{"line":2,"column":49}}}},"branchMap":{},"s":{"0":1,"1":1,"2":1,"3":1},"f":{"0":0,"1":0},"b":{}}
,"D:\\Main Workspace\\art-museum\\src\\utils\\react\\hooks\\use-required-context.ts": {"path":"D:\\Main Workspace\\art-museum\\src\\utils\\react\\hooks\\use-required-context.ts","statementMap":{"0":{"start":{"line":1,"column":0},"end":{"line":1,"column":35}},"1":{"start":{"line":3,"column":35},"end":{"line":4,"column":81}},"2":{"start":{"line":4,"column":2},"end":{"line":4,"column":81}},"3":{"start":{"line":4,"column":30},"end":{"line":4,"column":77}},"4":{"start":{"line":3,"column":13},"end":{"line":3,"column":35}}},"fnMap":{"0":{"name":"(anonymous_0)","decl":{"start":{"line":3,"column":35},"end":{"line":3,"column":39}},"loc":{"start":{"line":4,"column":2},"end":{"line":4,"column":81}}},"1":{"name":"(anonymous_1)","decl":{"start":{"line":4,"column":22},"end":{"line":4,"column":25}},"loc":{"start":{"line":4,"column":27},"end":{"line":4,"column":78}}}},"branchMap":{"0":{"loc":{"start":{"line":4,"column":2},"end":{"line":4,"column":81}},"type":"binary-expr","locations":[{"start":{"line":4,"column":2},"end":{"line":4,"column":17}},{"start":{"line":4,"column":21},"end":{"line":4,"column":81}}]}},"s":{"0":1,"1":1,"2":0,"3":0,"4":1},"f":{"0":0,"1":0},"b":{"0":[0,0]}}
,"D:\\Main Workspace\\art-museum\\src\\utils\\react\\hooks\\use-window-width.ts": {"path":"D:\\Main Workspace\\art-museum\\src\\utils\\react\\hooks\\use-window-width.ts","statementMap":{"0":{"start":{"line":1,"column":0},"end":{"line":1,"column":43}},"1":{"start":{"line":3,"column":30},"end":{"line":17,"column":1}},"2":{"start":{"line":4,"column":30},"end":{"line":4,"column":57}},"3":{"start":{"line":6,"column":27},"end":{"line":6,"column":60}},"4":{"start":{"line":6,"column":33},"end":{"line":6,"column":60}},"5":{"start":{"line":8,"column":4},"end":{"line":14,"column":null}},"6":{"start":{"line":9,"column":8},"end":{"line":9,"column":58}},"7":{"start":{"line":11,"column":8},"end":{"line":13,"column":null}},"8":{"start":{"line":12,"column":12},"end":{"line":12,"column":65}},"9":{"start":{"line":16,"column":4},"end":{"line":16,"column":17}},"10":{"start":{"line":3,"column":13},"end":{"line":3,"column":30}}},"fnMap":{"0":{"name":"(anonymous_0)","decl":{"start":{"line":3,"column":30},"end":{"line":3,"column":33}},"loc":{"start":{"line":3,"column":35},"end":{"line":17,"column":1}}},"1":{"name":"(anonymous_1)","decl":{"start":{"line":6,"column":27},"end":{"line":6,"column":30}},"loc":{"start":{"line":6,"column":33},"end":{"line":6,"column":60}}},"2":{"name":"(anonymous_2)","decl":{"start":{"line":8,"column":14},"end":{"line":8,"column":17}},"loc":{"start":{"line":8,"column":19},"end":{"line":14,"column":5}}},"3":{"name":"(anonymous_3)","decl":{"start":{"line":11,"column":15},"end":{"line":11,"column":18}},"loc":{"start":{"line":11,"column":20},"end":{"line":13,"column":9}}}},"branchMap":{},"s":{"0":1,"1":1,"2":0,"3":0,"4":0,"5":0,"6":0,"7":0,"8":0,"9":0,"10":1},"f":{"0":0,"1":0,"2":0,"3":0},"b":{}}
,"D:\\Main Workspace\\art-museum\\src\\utils\\react\\storage-context\\index.ts": {"path":"D:\\Main Workspace\\art-museum\\src\\utils\\react\\storage-context\\index.ts","statementMap":{"0":{"start":{"line":1,"column":0},"end":{"line":1,"column":38}},"1":{"start":{"line":10,"column":13},"end":{"line":10,"column":null}}},"fnMap":{},"branchMap":{},"s":{"0":1,"1":1},"f":{},"b":{}}
,"D:\\Main Workspace\\art-museum\\src\\utils\\react\\storage-context\\provider.tsx": {"path":"D:\\Main Workspace\\art-museum\\src\\utils\\react\\storage-context\\provider.tsx","statementMap":{"0":{"start":{"line":5,"column":0},"end":{"line":5,"column":24}},"1":{"start":{"line":1,"column":0},"end":{"line":1,"column":46}},"2":{"start":{"line":2,"column":0},"end":{"line":2,"column":41}},"3":{"start":{"line":3,"column":0},"end":{"line":3,"column":41}},"4":{"start":{"line":6,"column":46},"end":{"line":6,"column":93}},"5":{"start":{"line":8,"column":24},"end":{"line":11,"column":26}},"6":{"start":{"line":9,"column":23},"end":{"line":9,"column":51}},"7":{"start":{"line":10,"column":8},"end":{"line":10,"column":45}},"8":{"start":{"line":10,"column":20},"end":{"line":10,"column":45}},"9":{"start":{"line":13,"column":26},"end":{"line":16,"column":26}},"10":{"start":{"line":14,"column":23},"end":{"line":14,"column":48}},"11":{"start":{"line":15,"column":8},"end":{"line":15,"column":45}},"12":{"start":{"line":15,"column":20},"end":{"line":15,"column":45}},"13":{"start":{"line":18,"column":27},"end":{"line":20,"column":23}},"14":{"start":{"line":19,"column":8},"end":{"line":19,"column":68}},"15":{"start":{"line":19,"column":46},"end":{"line":19,"column":59}},"16":{"start":{"line":22,"column":4},"end":{"line":31,"column":null}}},"fnMap":{"0":{"name":"StorageContextProvider","decl":{"start":{"line":5,"column":24},"end":{"line":5,"column":46}},"loc":{"start":{"line":5,"column":90},"end":{"line":32,"column":1}}},"1":{"name":"(anonymous_1)","decl":{"start":{"line":8,"column":36},"end":{"line":8,"column":37}},"loc":{"start":{"line":8,"column":57},"end":{"line":11,"column":5}}},"2":{"name":"(anonymous_2)","decl":{"start":{"line":13,"column":38},"end":{"line":13,"column":39}},"loc":{"start":{"line":13,"column":53},"end":{"line":16,"column":5}}},"3":{"name":"(anonymous_3)","decl":{"start":{"line":18,"column":39},"end":{"line":18,"column":40}},"loc":{"start":{"line":18,"column":63},"end":{"line":20,"column":5}}},"4":{"name":"(anonymous_4)","decl":{"start":{"line":19,"column":39},"end":{"line":19,"column":42}},"loc":{"start":{"line":19,"column":46},"end":{"line":19,"column":59}}}},"branchMap":{"0":{"loc":{"start":{"line":10,"column":8},"end":{"line":10,"column":45}},"type":"if","locations":[{"start":{"line":10,"column":8},"end":{"line":10,"column":45}}]},"1":{"loc":{"start":{"line":15,"column":8},"end":{"line":15,"column":45}},"type":"if","locations":[{"start":{"line":15,"column":8},"end":{"line":15,"column":45}}]}},"s":{"0":0,"1":0,"2":0,"3":0,"4":0,"5":0,"6":0,"7":0,"8":0,"9":0,"10":0,"11":0,"12":0,"13":0,"14":0,"15":0,"16":0},"f":{"0":0,"1":0,"2":0,"3":0,"4":0},"b":{"0":[0],"1":[0]}}
,"D:\\Main Workspace\\art-museum\\src\\utils\\storage\\index.ts": {"path":"D:\\Main Workspace\\art-museum\\src\\utils\\storage\\index.ts","statementMap":{"0":{"start":{"line":3,"column":0},"end":{"line":3,"column":16}},"1":{"start":{"line":9,"column":0},"end":{"line":9,"column":16}},"2":{"start":{"line":21,"column":0},"end":{"line":21,"column":16}},"3":{"start":{"line":1,"column":0},"end":{"line":1,"column":41}},"4":{"start":{"line":4,"column":25},"end":{"line":4,"column":50}},"5":{"start":{"line":6,"column":4},"end":{"line":6,"column":55}},"6":{"start":{"line":10,"column":25},"end":{"line":10,"column":50}},"7":{"start":{"line":11,"column":35},"end":{"line":11,"column":78}},"8":{"start":{"line":13,"column":4},"end":{"line":13,"column":80}},"9":{"start":{"line":13,"column":36},"end":{"line":13,"column":57}},"10":{"start":{"line":13,"column":67},"end":{"line":13,"column":80}},"11":{"start":{"line":15,"column":4},"end":{"line":15,"column":30}},"12":{"start":{"line":16,"column":4},"end":{"line":16,"column":59}},"13":{"start":{"line":18,"column":4},"end":{"line":18,"column":23}},"14":{"start":{"line":22,"column":25},"end":{"line":22,"column":50}},"15":{"start":{"line":23,"column":4},"end":{"line":23,"column":35}},"16":{"start":{"line":23,"column":22},"end":{"line":23,"column":35}},"17":{"start":{"line":25,"column":24},"end":{"line":25,"column":90}},"18":{"start":{"line":25,"column":75},"end":{"line":25,"column":89}},"19":{"start":{"line":26,"column":4},"end":{"line":26,"column":59}},"20":{"start":{"line":28,"column":4},"end":{"line":28,"column":23}}},"fnMap":{"0":{"name":"getSavedArtworks","decl":{"start":{"line":3,"column":16},"end":{"line":3,"column":32}},"loc":{"start":{"line":3,"column":32},"end":{"line":7,"column":1}}},"1":{"name":"saveArtwork","decl":{"start":{"line":9,"column":16},"end":{"line":9,"column":27}},"loc":{"start":{"line":9,"column":44},"end":{"line":19,"column":1}}},"2":{"name":"(anonymous_2)","decl":{"start":{"line":13,"column":29},"end":{"line":13,"column":32}},"loc":{"start":{"line":13,"column":36},"end":{"line":13,"column":57}}},"3":{"name":"removeArtwork","decl":{"start":{"line":21,"column":16},"end":{"line":21,"column":29}},"loc":{"start":{"line":21,"column":40},"end":{"line":29,"column":1}}},"4":{"name":"(anonymous_4)","decl":{"start":{"line":25,"column":56},"end":{"line":25,"column":57}},"loc":{"start":{"line":25,"column":75},"end":{"line":25,"column":89}}}},"branchMap":{"0":{"loc":{"start":{"line":6,"column":11},"end":{"line":6,"column":54}},"type":"cond-expr","locations":[{"start":{"line":6,"column":25},"end":{"line":6,"column":49}},{"start":{"line":6,"column":52},"end":{"line":6,"column":54}}]},"1":{"loc":{"start":{"line":11,"column":35},"end":{"line":11,"column":78}},"type":"cond-expr","locations":[{"start":{"line":11,"column":49},"end":{"line":11,"column":73}},{"start":{"line":11,"column":76},"end":{"line":11,"column":78}}]},"2":{"loc":{"start":{"line":13,"column":4},"end":{"line":13,"column":80}},"type":"if","locations":[{"start":{"line":13,"column":4},"end":{"line":13,"column":80}}]},"3":{"loc":{"start":{"line":23,"column":4},"end":{"line":23,"column":35}},"type":"if","locations":[{"start":{"line":23,"column":4},"end":{"line":23,"column":35}}]}},"s":{"0":1,"1":1,"2":1,"3":1,"4":5,"5":5,"6":6,"7":6,"8":6,"9":2,"10":1,"11":5,"12":5,"13":5,"14":4,"15":4,"16":1,"17":3,"18":4,"19":3,"20":3},"f":{"0":5,"1":6,"2":2,"3":4,"4":4},"b":{"0":[3,2],"1":[2,4],"2":[1],"3":[1]}}
}
