TN:
SF:src\App.tsx
FN:5,App
FNF:1
FNH:0
FNDA:0,App
DA:1,0
DA:2,0
DA:3,0
DA:6,0
DA:15,0
LF:5
LH:0
BRF:0
BRH:0
end_of_record
TN:
SF:src\main.tsx
FNF:0
FNH:0
DA:1,0
DA:2,0
DA:3,0
DA:4,0
DA:6,0
LF:5
LH:0
BRF:0
BRH:0
end_of_record
TN:
SF:src\components\artwork-card\styled.ts
FNF:0
FNH:0
DA:1,0
DA:2,0
DA:4,0
DA:13,0
DA:26,0
DA:61,0
DA:98,0
DA:110,0
DA:115,0
DA:124,0
DA:148,0
DA:161,0
DA:186,0
DA:191,0
LF:14
LH:0
BRF:0
BRH:0
end_of_record
TN:
SF:src\components\artwork-content\styled.ts
FNF:0
FNH:0
DA:1,0
DA:3,0
DA:20,0
DA:28,0
DA:34,0
DA:47,0
DA:66,0
DA:76,0
DA:93,0
DA:99,0
DA:107,0
DA:115,0
DA:124,0
DA:132,0
LF:14
LH:0
BRF:0
BRH:0
end_of_record
TN:
SF:src\components\error-boundary\styled.ts
FNF:0
FNH:0
DA:1,0
DA:3,0
DA:13,0
DA:18,0
LF:4
LH:0
BRF:0
BRH:0
end_of_record
TN:
SF:src\components\favorites-content\styled.ts
FNF:0
FNH:0
DA:1,0
DA:3,0
DA:10,0
DA:24,0
DA:28,0
DA:38,0
DA:42,0
LF:7
LH:0
BRF:0
BRH:0
end_of_record
TN:
SF:src\components\footer\styled.ts
FNF:0
FNH:0
DA:1,0
DA:3,0
DA:25,0
DA:30,0
LF:4
LH:0
BRF:0
BRH:0
end_of_record
TN:
SF:src\components\gallery-slider\styled.ts
FNF:0
FNH:0
DA:1,0
DA:3,0
DA:9,0
DA:21,0
LF:4
LH:0
BRF:0
BRH:0
end_of_record
TN:
SF:src\components\header\styled.tsx
FN:44,(anonymous_0)
FN:61,(anonymous_1)
FN:123,(anonymous_2)
FN:140,(anonymous_3)
FNF:4
FNH:4
FNDA:6,(anonymous_0)
FNDA:6,(anonymous_1)
FNDA:6,(anonymous_2)
FNDA:6,(anonymous_3)
DA:1,1
DA:3,1
DA:9,1
DA:29,1
DA:34,1
DA:43,1
DA:53,6
DA:61,6
DA:84,1
DA:95,1
DA:101,1
DA:108,1
DA:113,1
DA:122,1
DA:124,6
DA:140,6
DA:157,1
LF:17
LH:17
BRDA:61,0,0,1
BRDA:61,0,1,5
BRDA:140,1,0,1
BRDA:140,1,1,5
BRF:4
BRH:4
end_of_record
TN:
SF:src\components\loader\styled.ts
FNF:0
FNH:0
DA:1,0
DA:3,0
LF:2
LH:0
BRF:0
BRH:0
end_of_record
TN:
SF:src\components\main-content\styled.ts
FNF:0
FNH:0
DA:1,0
DA:3,0
DA:10,0
DA:24,0
LF:4
LH:0
BRF:0
BRH:0
end_of_record
TN:
SF:src\components\pagination\styled.ts
FNF:0
FNH:0
DA:1,1
DA:3,1
DA:14,1
DA:19,1
DA:25,1
DA:30,1
DA:46,1
DA:63,1
LF:8
LH:8
BRF:0
BRH:0
end_of_record
TN:
SF:src\components\reduced-artworks-list\styled.ts
FNF:0
FNH:0
DA:1,0
DA:3,0
LF:2
LH:0
BRF:0
BRH:0
end_of_record
TN:
SF:src\components\save-button\styled.ts
FNF:0
FNH:0
DA:1,0
DA:3,0
DA:24,0
LF:3
LH:0
BRF:0
BRH:0
end_of_record
TN:
SF:src\components\search-form\styled.ts
FNF:0
FNH:0
DA:1,0
DA:3,0
LF:2
LH:0
BRF:0
BRH:0
end_of_record
TN:
SF:src\components\search-input\styled.ts
FNF:0
FNH:0
DA:1,0
DA:3,0
DA:18,0
DA:32,0
DA:37,0
DA:47,0
DA:51,0
LF:7
LH:0
BRF:0
BRH:0
end_of_record
TN:
SF:src\components\search-select\styled.ts
FNF:0
FNH:0
DA:1,0
DA:3,0
DA:22,0
DA:30,0
LF:4
LH:0
BRF:0
BRH:0
end_of_record
TN:
SF:src\components\section-header\styled.ts
FNF:0
FNH:0
DA:1,0
DA:3,0
DA:9,0
DA:18,0
LF:4
LH:0
BRF:0
BRH:0
end_of_record
TN:
SF:src\constants\api\index.ts
FNF:0
FNH:0
DA:1,0
DA:3,0
DA:4,0
DA:5,0
DA:7,0
DA:8,0
DA:10,0
LF:7
LH:0
BRF:0
BRH:0
end_of_record
TN:
SF:src\constants\storage\index.ts
FNF:0
FNH:0
DA:1,0
LF:1
LH:0
BRF:0
BRH:0
end_of_record
TN:
SF:src\utils\api\index.ts
FN:3,getArtworks
FN:10,getArtwork
FN:17,searchArtworks
FNF:3
FNH:0
FNDA:0,getArtworks
FNDA:0,getArtwork
FNDA:0,searchArtworks
DA:1,0
DA:3,0
DA:4,0
DA:5,0
DA:7,0
DA:10,0
DA:11,0
DA:12,0
DA:14,0
DA:17,0
DA:18,0
DA:19,0
DA:21,0
DA:22,0
LF:14
LH:0
BRDA:3,0,0,0
BRDA:17,1,0,0
BRDA:17,2,0,0
BRDA:18,3,0,0
BRDA:18,3,1,0
BRF:5
BRH:0
end_of_record
TN:
SF:src\utils\form\index.ts
FNF:0
FNH:0
DA:1,0
DA:3,0
LF:2
LH:0
BRF:0
BRH:0
end_of_record
TN:
SF:src\utils\lib\artist-info.ts
FN:1,(anonymous_0)
FN:3,(anonymous_1)
FNF:2
FNH:0
FNDA:0,(anonymous_0)
FNDA:0,(anonymous_1)
DA:1,0
DA:3,0
LF:2
LH:0
BRF:0
BRH:0
end_of_record
TN:
SF:src\utils\lib\debounce.ts
FN:3,debounce
FNF:1
FNH:0
FNDA:0,debounce
DA:3,0
DA:4,0
DA:5,0
LF:3
LH:0
BRDA:3,0,0,0
BRF:1
BRH:0
end_of_record
TN:
SF:src\utils\lib\image-path.ts
FN:1,(anonymous_0)
FNF:1
FNH:0
FNDA:0,(anonymous_0)
DA:1,0
LF:1
LH:0
BRF:0
BRH:0
end_of_record
TN:
SF:src\utils\lib\index.ts
FN:1,(anonymous_0)
FN:2,(anonymous_1)
FN:2,(anonymous_2)
FNF:3
FNH:0
FNDA:0,(anonymous_0)
FNDA:0,(anonymous_1)
FNDA:0,(anonymous_2)
DA:1,0
DA:2,0
LF:2
LH:0
BRF:0
BRH:0
end_of_record
TN:
SF:src\utils\react\hooks\index.ts
FN:1,(anonymous_0)
FN:2,(anonymous_1)
FNF:2
FNH:0
FNDA:0,(anonymous_0)
FNDA:0,(anonymous_1)
DA:1,0
DA:2,0
LF:2
LH:0
BRF:0
BRH:0
end_of_record
TN:
SF:src\utils\react\hooks\use-required-context.ts
FN:3,(anonymous_0)
FN:4,(anonymous_1)
FNF:2
FNH:0
FNDA:0,(anonymous_0)
FNDA:0,(anonymous_1)
DA:1,0
DA:3,0
DA:4,0
LF:3
LH:0
BRDA:4,0,0,0
BRDA:4,0,1,0
BRF:2
BRH:0
end_of_record
TN:
SF:src\utils\react\hooks\use-window-width.ts
FN:3,(anonymous_0)
FN:6,(anonymous_1)
FN:8,(anonymous_2)
FN:11,(anonymous_3)
FNF:4
FNH:0
FNDA:0,(anonymous_0)
FNDA:0,(anonymous_1)
FNDA:0,(anonymous_2)
FNDA:0,(anonymous_3)
DA:1,0
DA:3,0
DA:4,0
DA:6,0
DA:8,0
DA:9,0
DA:11,0
DA:12,0
DA:16,0
LF:9
LH:0
BRF:0
BRH:0
end_of_record
TN:
SF:src\utils\react\storage-context\index.ts
FNF:0
FNH:0
DA:1,0
DA:10,0
LF:2
LH:0
BRF:0
BRH:0
end_of_record
TN:
SF:src\utils\react\storage-context\provider.tsx
FN:5,StorageContextProvider
FN:8,(anonymous_1)
FN:13,(anonymous_2)
FN:18,(anonymous_3)
FN:19,(anonymous_4)
FNF:5
FNH:0
FNDA:0,StorageContextProvider
FNDA:0,(anonymous_1)
FNDA:0,(anonymous_2)
FNDA:0,(anonymous_3)
FNDA:0,(anonymous_4)
DA:1,0
DA:2,0
DA:3,0
DA:5,0
DA:6,0
DA:8,0
DA:9,0
DA:10,0
DA:13,0
DA:14,0
DA:15,0
DA:18,0
DA:19,0
DA:22,0
LF:14
LH:0
BRDA:10,0,0,0
BRDA:15,1,0,0
BRF:2
BRH:0
end_of_record
TN:
SF:src\utils\storage\index.ts
FN:3,getSavedArtworks
FN:9,saveArtwork
FN:13,(anonymous_2)
FN:21,removeArtwork
FN:25,(anonymous_4)
FNF:5
FNH:0
FNDA:0,getSavedArtworks
FNDA:0,saveArtwork
FNDA:0,(anonymous_2)
FNDA:0,removeArtwork
FNDA:0,(anonymous_4)
DA:1,0
DA:3,0
DA:4,0
DA:6,0
DA:9,0
DA:10,0
DA:11,0
DA:13,0
DA:15,0
DA:16,0
DA:18,0
DA:21,0
DA:22,0
DA:23,0
DA:25,0
DA:26,0
DA:28,0
LF:17
LH:0
BRDA:6,0,0,0
BRDA:6,0,1,0
BRDA:11,1,0,0
BRDA:11,1,1,0
BRDA:13,2,0,0
BRDA:23,3,0,0
BRF:6
BRH:0
end_of_record
